<?xml version="1.0" encoding="UTF-8"?>
<testng-results skipped="0" failed="0" ignored="0" total="1" passed="1">
  <reporter-output>
  </reporter-output>
  <suite name="Default suite" duration-ms="33123" started-at="2020-04-08T01:15:05 IST" finished-at="2020-04-08T01:15:38 IST">
    <groups>
    </groups>
    <test name="Default test" duration-ms="33123" started-at="2020-04-08T01:15:05 IST" finished-at="2020-04-08T01:15:38 IST">
      <class name="rest_Assures_Int.Post_test01">
        <test-method status="PASS" signature="Post_Test01()[pri:0, instance:rest_Assures_Int.Post_test01@4bbfb90a]" name="Post_Test01" duration-ms="32878" started-at="2020-04-08T01:15:05 IST" finished-at="2020-04-08T01:15:38 IST">
          <reporter-output>
          </reporter-output>
        </test-method> <!-- Post_Test01 -->
      </class> <!-- rest_Assures_Int.Post_test01 -->
    </test> <!-- Default test -->
  </suite> <!-- Default suite -->
</testng-results>
